<?xml version="1.0" encoding="UTF-8"?>
<!-- Generated by org.testng.reporters.JUnitXMLReporter -->
<testsuite ignored="4" hostname="LTIN188511" failures="0" tests="20" name="chrometest" time="178.451" errors="0" timestamp="2024-03-12T14:30:24 IST">
  <testcase classname="testCases.TC001" name="closePopUp" time="4.531"/>
  <testcase classname="testCases.TC001" name="verifyWhetherOnHomePage" time="0.072"/>
  <testcase classname="testCases.TC001" name="clickLocationSearchBox" time="0.371"/>
  <testcase classname="testCases.TC001" name="detectCurrentLocation" time="0.4"/>
  <testcase classname="testCases.TC001" name="searchCategory" time="0.444"/>
  <testcase classname="testCases.TC001" name="clickSearch" time="0.144"/>
  <testcase classname="testCases.TC001" name="sortingByRating" time="4.101"/>
  <testcase classname="testCases.TC001" name="filterRating" time="0.87"/>
  <testcase classname="testCases.TC001" name="clickTopRated" time="0.487"/>
  <testcase classname="testCases.TC001" name="extractDetails" time="88.14"/>
  <testcase classname="testCases.TC002" name="clickOnFreeListing" time="3.358"/>
  <testcase classname="testCases.TC002" name="verifyWhetherOnFreeListing" time="0.032"/>
  <testcase classname="testCases.TC002" name="enterInvalidNum" time="0.126"/>
  <testcase classname="testCases.TC002" name="verifyWhetherNumberIsTyped" time="0.048"/>
  <testcase classname="testCases.TC002" name="clickStartNow" time="0.132"/>
  <testcase classname="testCases.TC002" name="getErrorMsg" time="0.053"/>
  <testcase classname="testCases.TC003" name="navigateBackToHomePage" time="17.224"/>
  <testcase classname="testCases.TC003" name="scrollToGyms" time="3.045"/>
  <testcase classname="testCases.TC003" name="clickOnGyms" time="2.1"/>
  <testcase classname="testCases.TC003" name="subMenuItems" time="12.971"/>
  <testcase classname="testBase.BaseClass" name="@BeforeTest setup" time="0.0">
    <ignored/>
  </testcase> <!-- @BeforeTest setup -->
  <testcase classname="testBase.BaseClass" name="@BeforeTest setup" time="0.0">
    <ignored/>
  </testcase> <!-- @BeforeTest setup -->
  <testcase classname="testBase.BaseClass" name="@AfterTest tearDown" time="0.0">
    <ignored/>
  </testcase> <!-- @AfterTest tearDown -->
  <testcase classname="testBase.BaseClass" name="@AfterTest tearDown" time="0.0">
    <ignored/>
  </testcase> <!-- @AfterTest tearDown -->
</testsuite> <!-- chrometest -->
