<?xml version="1.0" encoding="UTF-8"?>
<!-- Generated by org.testng.reporters.JUnitXMLReporter -->
<testsuite ignored="4" hostname="LTIN188511" failures="0" tests="20" name="edgetest" time="156.173" errors="0" timestamp="2024-03-12T14:33:08 IST">
  <testcase classname="testCases.TC001" name="closePopUp" time="4.836"/>
  <testcase classname="testCases.TC001" name="verifyWhetherOnHomePage" time="0.185"/>
  <testcase classname="testCases.TC001" name="clickLocationSearchBox" time="0.269"/>
  <testcase classname="testCases.TC001" name="detectCurrentLocation" time="0.405"/>
  <testcase classname="testCases.TC001" name="searchCategory" time="0.879"/>
  <testcase classname="testCases.TC001" name="clickSearch" time="0.28"/>
  <testcase classname="testCases.TC001" name="sortingByRating" time="5.372"/>
  <testcase classname="testCases.TC001" name="filterRating" time="0.434"/>
  <testcase classname="testCases.TC001" name="clickTopRated" time="0.3"/>
  <testcase classname="testCases.TC001" name="extractDetails" time="83.93"/>
  <testcase classname="testCases.TC002" name="clickOnFreeListing" time="6.857"/>
  <testcase classname="testCases.TC002" name="verifyWhetherOnFreeListing" time="0.026"/>
  <testcase classname="testCases.TC002" name="enterInvalidNum" time="0.127"/>
  <testcase classname="testCases.TC002" name="verifyWhetherNumberIsTyped" time="0.084"/>
  <testcase classname="testCases.TC002" name="clickStartNow" time="0.141"/>
  <testcase classname="testCases.TC002" name="getErrorMsg" time="0.059"/>
  <testcase classname="testCases.TC003" name="navigateBackToHomePage" time="3.806"/>
  <testcase classname="testCases.TC003" name="scrollToGyms" time="3.042"/>
  <testcase classname="testCases.TC003" name="clickOnGyms" time="2.096"/>
  <testcase classname="testCases.TC003" name="subMenuItems" time="14.188"/>
  <testcase classname="testBase.BaseClass" name="@BeforeTest setup" time="0.0">
    <ignored/>
  </testcase> <!-- @BeforeTest setup -->
  <testcase classname="testBase.BaseClass" name="@AfterTest tearDown" time="0.0">
    <ignored/>
  </testcase> <!-- @AfterTest tearDown -->
  <testcase classname="testBase.BaseClass" name="@AfterTest tearDown" time="0.0">
    <ignored/>
  </testcase> <!-- @AfterTest tearDown -->
  <testcase classname="testBase.BaseClass" name="@BeforeTest setup" time="0.0">
    <ignored/>
  </testcase> <!-- @BeforeTest setup -->
</testsuite> <!-- edgetest -->
