<?xml version="1.0" encoding="UTF-8"?>
<!-- Generated by org.testng.reporters.JUnitXMLReporter -->
<testsuite ignored="4" hostname="LTIN188511" failures="0" tests="20" name="Test" time="200.508" errors="0" timestamp="2024-03-12T14:26:23 IST">
  <testcase classname="testCases.TC001" name="closePopUp" time="7.047"/>
  <testcase classname="testCases.TC001" name="verifyWhetherOnHomePage" time="0.026"/>
  <testcase classname="testCases.TC001" name="clickLocationSearchBox" time="0.123"/>
  <testcase classname="testCases.TC001" name="detectCurrentLocation" time="0.335"/>
  <testcase classname="testCases.TC001" name="searchCategory" time="0.553"/>
  <testcase classname="testCases.TC001" name="clickSearch" time="0.152"/>
  <testcase classname="testCases.TC001" name="sortingByRating" time="5.081"/>
  <testcase classname="testCases.TC001" name="filterRating" time="0.722"/>
  <testcase classname="testCases.TC001" name="clickTopRated" time="0.716"/>
  <testcase classname="testCases.TC001" name="extractDetails" time="87.38"/>
  <testcase classname="testCases.TC002" name="clickOnFreeListing" time="4.212"/>
  <testcase classname="testCases.TC002" name="verifyWhetherOnFreeListing" time="0.07"/>
  <testcase classname="testCases.TC002" name="enterInvalidNum" time="0.131"/>
  <testcase classname="testCases.TC002" name="verifyWhetherNumberIsTyped" time="0.048"/>
  <testcase classname="testCases.TC002" name="clickStartNow" time="0.137"/>
  <testcase classname="testCases.TC002" name="getErrorMsg" time="0.047"/>
  <testcase classname="testCases.TC003" name="navigateBackToHomePage" time="40.393"/>
  <testcase classname="testCases.TC003" name="scrollToGyms" time="3.865"/>
  <testcase classname="testCases.TC003" name="clickOnGyms" time="3.602"/>
  <testcase classname="testCases.TC003" name="subMenuItems" time="12.429"/>
  <testcase classname="testBase.BaseClass" name="@BeforeTest setup" time="0.0">
    <ignored/>
  </testcase> <!-- @BeforeTest setup -->
  <testcase classname="testBase.BaseClass" name="@BeforeTest setup" time="0.0">
    <ignored/>
  </testcase> <!-- @BeforeTest setup -->
  <testcase classname="testBase.BaseClass" name="@AfterTest tearDown" time="0.0">
    <ignored/>
  </testcase> <!-- @AfterTest tearDown -->
  <testcase classname="testBase.BaseClass" name="@AfterTest tearDown" time="0.0">
    <ignored/>
  </testcase> <!-- @AfterTest tearDown -->
</testsuite> <!-- Test -->
