<?xml version="1.0" encoding="UTF-8"?>
<testng-results ignored="0" total="40" passed="40" failed="0" skipped="0">
  <reporter-output>
  </reporter-output>
  <suite started-at="2024-03-12T14:27:17 IST" name="Suite" finished-at="2024-03-12T14:33:00 IST" duration-ms="342710">
    <groups>
      <group name="sanity">
        <method signature="TC001.closePopUp()[pri:1, instance:testCases.TC001@97e93f1]" name="closePopUp" class="testCases.TC001"/>
        <method signature="TC002.clickOnFreeListing()[pri:1, instance:testCases.TC002@34bde49d]" name="clickOnFreeListing" class="testCases.TC002"/>
        <method signature="TC003.navigateBackToHomePage()[pri:1, instance:testCases.TC003@1b1cfb87]" name="navigateBackToHomePage" class="testCases.TC003"/>
        <method signature="TC001.verifyWhetherOnHomePage()[pri:2, instance:testCases.TC001@97e93f1]" name="verifyWhetherOnHomePage" class="testCases.TC001"/>
        <method signature="TC002.verifyWhetherOnFreeListing()[pri:2, instance:testCases.TC002@34bde49d]" name="verifyWhetherOnFreeListing" class="testCases.TC002"/>
        <method signature="TC003.scrollToGyms()[pri:2, instance:testCases.TC003@1b1cfb87]" name="scrollToGyms" class="testCases.TC003"/>
        <method signature="TC001.clickLocationSearchBox()[pri:3, instance:testCases.TC001@97e93f1]" name="clickLocationSearchBox" class="testCases.TC001"/>
        <method signature="TC002.enterInvalidNum()[pri:3, instance:testCases.TC002@34bde49d]" name="enterInvalidNum" class="testCases.TC002"/>
        <method signature="TC003.clickOnGyms()[pri:3, instance:testCases.TC003@1b1cfb87]" name="clickOnGyms" class="testCases.TC003"/>
        <method signature="TC001.detectCurrentLocation()[pri:4, instance:testCases.TC001@97e93f1]" name="detectCurrentLocation" class="testCases.TC001"/>
        <method signature="TC002.verifyWhetherNumberIsTyped()[pri:4, instance:testCases.TC002@34bde49d]" name="verifyWhetherNumberIsTyped" class="testCases.TC002"/>
        <method signature="TC003.subMenuItems()[pri:4, instance:testCases.TC003@1b1cfb87]" name="subMenuItems" class="testCases.TC003"/>
        <method signature="TC001.searchCategory()[pri:5, instance:testCases.TC001@97e93f1]" name="searchCategory" class="testCases.TC001"/>
        <method signature="TC002.clickStartNow()[pri:5, instance:testCases.TC002@34bde49d]" name="clickStartNow" class="testCases.TC002"/>
        <method signature="TC001.clickSearch()[pri:6, instance:testCases.TC001@97e93f1]" name="clickSearch" class="testCases.TC001"/>
        <method signature="TC002.getErrorMsg()[pri:6, instance:testCases.TC002@34bde49d]" name="getErrorMsg" class="testCases.TC002"/>
        <method signature="TC001.sortingByRating()[pri:7, instance:testCases.TC001@97e93f1]" name="sortingByRating" class="testCases.TC001"/>
        <method signature="TC001.filterRating()[pri:8, instance:testCases.TC001@97e93f1]" name="filterRating" class="testCases.TC001"/>
        <method signature="TC001.clickTopRated()[pri:9, instance:testCases.TC001@97e93f1]" name="clickTopRated" class="testCases.TC001"/>
        <method signature="TC001.extractDetails()[pri:10, instance:testCases.TC001@97e93f1]" name="extractDetails" class="testCases.TC001"/>
        <method signature="TC001.closePopUp()[pri:1, instance:testCases.TC001@1f9f6368]" name="closePopUp" class="testCases.TC001"/>
        <method signature="TC002.clickOnFreeListing()[pri:1, instance:testCases.TC002@1c9b0314]" name="clickOnFreeListing" class="testCases.TC002"/>
        <method signature="TC003.navigateBackToHomePage()[pri:1, instance:testCases.TC003@45385f75]" name="navigateBackToHomePage" class="testCases.TC003"/>
        <method signature="TC001.verifyWhetherOnHomePage()[pri:2, instance:testCases.TC001@1f9f6368]" name="verifyWhetherOnHomePage" class="testCases.TC001"/>
        <method signature="TC002.verifyWhetherOnFreeListing()[pri:2, instance:testCases.TC002@1c9b0314]" name="verifyWhetherOnFreeListing" class="testCases.TC002"/>
        <method signature="TC003.scrollToGyms()[pri:2, instance:testCases.TC003@45385f75]" name="scrollToGyms" class="testCases.TC003"/>
        <method signature="TC001.clickLocationSearchBox()[pri:3, instance:testCases.TC001@1f9f6368]" name="clickLocationSearchBox" class="testCases.TC001"/>
        <method signature="TC002.enterInvalidNum()[pri:3, instance:testCases.TC002@1c9b0314]" name="enterInvalidNum" class="testCases.TC002"/>
        <method signature="TC003.clickOnGyms()[pri:3, instance:testCases.TC003@45385f75]" name="clickOnGyms" class="testCases.TC003"/>
        <method signature="TC001.detectCurrentLocation()[pri:4, instance:testCases.TC001@1f9f6368]" name="detectCurrentLocation" class="testCases.TC001"/>
        <method signature="TC002.verifyWhetherNumberIsTyped()[pri:4, instance:testCases.TC002@1c9b0314]" name="verifyWhetherNumberIsTyped" class="testCases.TC002"/>
        <method signature="TC003.subMenuItems()[pri:4, instance:testCases.TC003@45385f75]" name="subMenuItems" class="testCases.TC003"/>
        <method signature="TC001.searchCategory()[pri:5, instance:testCases.TC001@1f9f6368]" name="searchCategory" class="testCases.TC001"/>
        <method signature="TC002.clickStartNow()[pri:5, instance:testCases.TC002@1c9b0314]" name="clickStartNow" class="testCases.TC002"/>
        <method signature="TC001.clickSearch()[pri:6, instance:testCases.TC001@1f9f6368]" name="clickSearch" class="testCases.TC001"/>
        <method signature="TC002.getErrorMsg()[pri:6, instance:testCases.TC002@1c9b0314]" name="getErrorMsg" class="testCases.TC002"/>
        <method signature="TC001.sortingByRating()[pri:7, instance:testCases.TC001@1f9f6368]" name="sortingByRating" class="testCases.TC001"/>
        <method signature="TC001.filterRating()[pri:8, instance:testCases.TC001@1f9f6368]" name="filterRating" class="testCases.TC001"/>
        <method signature="TC001.clickTopRated()[pri:9, instance:testCases.TC001@1f9f6368]" name="clickTopRated" class="testCases.TC001"/>
        <method signature="TC001.extractDetails()[pri:10, instance:testCases.TC001@1f9f6368]" name="extractDetails" class="testCases.TC001"/>
      </group> <!-- sanity -->
    </groups>
    <test started-at="2024-03-12T14:27:17 IST" name="chrometest" finished-at="2024-03-12T14:30:16 IST" duration-ms="178451">
      <class name="testCases.TC001">
        <test-method is-config="true" signature="setup(java.lang.String,java.lang.String)[pri:0, instance:testCases.TC001@97e93f1]" started-at="2024-03-12T14:27:18 IST" name="setup" finished-at="2024-03-12T14:27:48 IST" duration-ms="29563" status="PASS">
          <params>
            <param index="0">
              <value>
                <![CDATA[Windows]]>
              </value>
            </param>
            <param index="1">
              <value>
                <![CDATA[chrome]]>
              </value>
            </param>
          </params>
          <reporter-output>
          </reporter-output>
        </test-method> <!-- setup -->
        <test-method signature="closePopUp()[pri:1, instance:testCases.TC001@97e93f1]" started-at="2024-03-12T14:27:48 IST" name="closePopUp" finished-at="2024-03-12T14:27:52 IST" duration-ms="4531" status="PASS">
          <reporter-output>
          </reporter-output>
        </test-method> <!-- closePopUp -->
        <test-method signature="verifyWhetherOnHomePage()[pri:2, instance:testCases.TC001@97e93f1]" started-at="2024-03-12T14:27:53 IST" name="verifyWhetherOnHomePage" finished-at="2024-03-12T14:27:53 IST" duration-ms="72" status="PASS">
          <reporter-output>
          </reporter-output>
        </test-method> <!-- verifyWhetherOnHomePage -->
        <test-method signature="clickLocationSearchBox()[pri:3, instance:testCases.TC001@97e93f1]" started-at="2024-03-12T14:27:53 IST" name="clickLocationSearchBox" finished-at="2024-03-12T14:27:53 IST" duration-ms="371" status="PASS">
          <reporter-output>
          </reporter-output>
        </test-method> <!-- clickLocationSearchBox -->
        <test-method signature="detectCurrentLocation()[pri:4, instance:testCases.TC001@97e93f1]" started-at="2024-03-12T14:27:54 IST" name="detectCurrentLocation" finished-at="2024-03-12T14:27:54 IST" duration-ms="400" status="PASS">
          <reporter-output>
          </reporter-output>
        </test-method> <!-- detectCurrentLocation -->
        <test-method signature="searchCategory()[pri:5, instance:testCases.TC001@97e93f1]" started-at="2024-03-12T14:27:55 IST" name="searchCategory" finished-at="2024-03-12T14:27:55 IST" duration-ms="444" status="PASS">
          <reporter-output>
          </reporter-output>
        </test-method> <!-- searchCategory -->
        <test-method signature="clickSearch()[pri:6, instance:testCases.TC001@97e93f1]" started-at="2024-03-12T14:27:56 IST" name="clickSearch" finished-at="2024-03-12T14:27:56 IST" duration-ms="144" status="PASS">
          <reporter-output>
          </reporter-output>
        </test-method> <!-- clickSearch -->
        <test-method signature="sortingByRating()[pri:7, instance:testCases.TC001@97e93f1]" started-at="2024-03-12T14:27:56 IST" name="sortingByRating" finished-at="2024-03-12T14:28:00 IST" duration-ms="4101" status="PASS">
          <reporter-output>
          </reporter-output>
        </test-method> <!-- sortingByRating -->
        <test-method signature="filterRating()[pri:8, instance:testCases.TC001@97e93f1]" started-at="2024-03-12T14:28:01 IST" name="filterRating" finished-at="2024-03-12T14:28:01 IST" duration-ms="870" status="PASS">
          <reporter-output>
          </reporter-output>
        </test-method> <!-- filterRating -->
        <test-method signature="clickTopRated()[pri:9, instance:testCases.TC001@97e93f1]" started-at="2024-03-12T14:28:02 IST" name="clickTopRated" finished-at="2024-03-12T14:28:02 IST" duration-ms="487" status="PASS">
          <reporter-output>
          </reporter-output>
        </test-method> <!-- clickTopRated -->
        <test-method signature="extractDetails()[pri:10, instance:testCases.TC001@97e93f1]" started-at="2024-03-12T14:28:03 IST" name="extractDetails" finished-at="2024-03-12T14:29:31 IST" duration-ms="88140" status="PASS">
          <reporter-output>
          </reporter-output>
        </test-method> <!-- extractDetails -->
        <test-method is-config="true" signature="tearDown()[pri:0, instance:testCases.TC001@97e93f1]" started-at="2024-03-12T14:30:14 IST" name="tearDown" finished-at="2024-03-12T14:30:16 IST" duration-ms="1342" status="PASS">
          <reporter-output>
          </reporter-output>
        </test-method> <!-- tearDown -->
      </class> <!-- testCases.TC001 -->
      <class name="testCases.TC003">
        <test-method signature="navigateBackToHomePage()[pri:1, instance:testCases.TC003@1b1cfb87]" started-at="2024-03-12T14:29:37 IST" name="navigateBackToHomePage" finished-at="2024-03-12T14:29:54 IST" duration-ms="17224" status="PASS">
          <reporter-output>
          </reporter-output>
        </test-method> <!-- navigateBackToHomePage -->
        <test-method signature="scrollToGyms()[pri:2, instance:testCases.TC003@1b1cfb87]" started-at="2024-03-12T14:29:55 IST" name="scrollToGyms" finished-at="2024-03-12T14:29:58 IST" duration-ms="3045" status="PASS">
          <reporter-output>
          </reporter-output>
        </test-method> <!-- scrollToGyms -->
        <test-method signature="clickOnGyms()[pri:3, instance:testCases.TC003@1b1cfb87]" started-at="2024-03-12T14:29:58 IST" name="clickOnGyms" finished-at="2024-03-12T14:30:00 IST" duration-ms="2100" status="PASS">
          <reporter-output>
          </reporter-output>
        </test-method> <!-- clickOnGyms -->
        <test-method signature="subMenuItems()[pri:4, instance:testCases.TC003@1b1cfb87]" started-at="2024-03-12T14:30:01 IST" name="subMenuItems" finished-at="2024-03-12T14:30:14 IST" duration-ms="12971" status="PASS">
          <reporter-output>
          </reporter-output>
        </test-method> <!-- subMenuItems -->
      </class> <!-- testCases.TC003 -->
      <class name="testCases.TC002">
        <test-method signature="clickOnFreeListing()[pri:1, instance:testCases.TC002@34bde49d]" started-at="2024-03-12T14:29:31 IST" name="clickOnFreeListing" finished-at="2024-03-12T14:29:35 IST" duration-ms="3358" status="PASS">
          <reporter-output>
          </reporter-output>
        </test-method> <!-- clickOnFreeListing -->
        <test-method signature="verifyWhetherOnFreeListing()[pri:2, instance:testCases.TC002@34bde49d]" started-at="2024-03-12T14:29:35 IST" name="verifyWhetherOnFreeListing" finished-at="2024-03-12T14:29:35 IST" duration-ms="32" status="PASS">
          <reporter-output>
          </reporter-output>
        </test-method> <!-- verifyWhetherOnFreeListing -->
        <test-method signature="enterInvalidNum()[pri:3, instance:testCases.TC002@34bde49d]" started-at="2024-03-12T14:29:36 IST" name="enterInvalidNum" finished-at="2024-03-12T14:29:36 IST" duration-ms="126" status="PASS">
          <reporter-output>
          </reporter-output>
        </test-method> <!-- enterInvalidNum -->
        <test-method signature="verifyWhetherNumberIsTyped()[pri:4, instance:testCases.TC002@34bde49d]" started-at="2024-03-12T14:29:36 IST" name="verifyWhetherNumberIsTyped" finished-at="2024-03-12T14:29:36 IST" duration-ms="48" status="PASS">
          <reporter-output>
          </reporter-output>
        </test-method> <!-- verifyWhetherNumberIsTyped -->
        <test-method signature="clickStartNow()[pri:5, instance:testCases.TC002@34bde49d]" started-at="2024-03-12T14:29:36 IST" name="clickStartNow" finished-at="2024-03-12T14:29:36 IST" duration-ms="132" status="PASS">
          <reporter-output>
          </reporter-output>
        </test-method> <!-- clickStartNow -->
        <test-method signature="getErrorMsg()[pri:6, instance:testCases.TC002@34bde49d]" started-at="2024-03-12T14:29:37 IST" name="getErrorMsg" finished-at="2024-03-12T14:29:37 IST" duration-ms="53" status="PASS">
          <reporter-output>
          </reporter-output>
        </test-method> <!-- getErrorMsg -->
      </class> <!-- testCases.TC002 -->
    </test> <!-- chrometest -->
    <test started-at="2024-03-12T14:30:24 IST" name="edgetest" finished-at="2024-03-12T14:33:00 IST" duration-ms="156173">
      <class name="testCases.TC001">
        <test-method is-config="true" signature="setup(java.lang.String,java.lang.String)[pri:0, instance:testCases.TC001@1f9f6368]" started-at="2024-03-12T14:30:24 IST" name="setup" finished-at="2024-03-12T14:30:43 IST" duration-ms="18975" status="PASS">
          <params>
            <param index="0">
              <value>
                <![CDATA[Windows]]>
              </value>
            </param>
            <param index="1">
              <value>
                <![CDATA[edge]]>
              </value>
            </param>
          </params>
          <reporter-output>
          </reporter-output>
        </test-method> <!-- setup -->
        <test-method signature="closePopUp()[pri:1, instance:testCases.TC001@1f9f6368]" started-at="2024-03-12T14:30:43 IST" name="closePopUp" finished-at="2024-03-12T14:30:48 IST" duration-ms="4836" status="PASS">
          <reporter-output>
          </reporter-output>
        </test-method> <!-- closePopUp -->
        <test-method signature="verifyWhetherOnHomePage()[pri:2, instance:testCases.TC001@1f9f6368]" started-at="2024-03-12T14:30:48 IST" name="verifyWhetherOnHomePage" finished-at="2024-03-12T14:30:48 IST" duration-ms="185" status="PASS">
          <reporter-output>
          </reporter-output>
        </test-method> <!-- verifyWhetherOnHomePage -->
        <test-method signature="clickLocationSearchBox()[pri:3, instance:testCases.TC001@1f9f6368]" started-at="2024-03-12T14:30:49 IST" name="clickLocationSearchBox" finished-at="2024-03-12T14:30:49 IST" duration-ms="269" status="PASS">
          <reporter-output>
          </reporter-output>
        </test-method> <!-- clickLocationSearchBox -->
        <test-method signature="detectCurrentLocation()[pri:4, instance:testCases.TC001@1f9f6368]" started-at="2024-03-12T14:30:50 IST" name="detectCurrentLocation" finished-at="2024-03-12T14:30:50 IST" duration-ms="405" status="PASS">
          <reporter-output>
          </reporter-output>
        </test-method> <!-- detectCurrentLocation -->
        <test-method signature="searchCategory()[pri:5, instance:testCases.TC001@1f9f6368]" started-at="2024-03-12T14:30:51 IST" name="searchCategory" finished-at="2024-03-12T14:30:51 IST" duration-ms="879" status="PASS">
          <reporter-output>
          </reporter-output>
        </test-method> <!-- searchCategory -->
        <test-method signature="clickSearch()[pri:6, instance:testCases.TC001@1f9f6368]" started-at="2024-03-12T14:30:52 IST" name="clickSearch" finished-at="2024-03-12T14:30:52 IST" duration-ms="280" status="PASS">
          <reporter-output>
          </reporter-output>
        </test-method> <!-- clickSearch -->
        <test-method signature="sortingByRating()[pri:7, instance:testCases.TC001@1f9f6368]" started-at="2024-03-12T14:30:53 IST" name="sortingByRating" finished-at="2024-03-12T14:30:58 IST" duration-ms="5372" status="PASS">
          <reporter-output>
          </reporter-output>
        </test-method> <!-- sortingByRating -->
        <test-method signature="filterRating()[pri:8, instance:testCases.TC001@1f9f6368]" started-at="2024-03-12T14:30:58 IST" name="filterRating" finished-at="2024-03-12T14:30:59 IST" duration-ms="434" status="PASS">
          <reporter-output>
          </reporter-output>
        </test-method> <!-- filterRating -->
        <test-method signature="clickTopRated()[pri:9, instance:testCases.TC001@1f9f6368]" started-at="2024-03-12T14:30:59 IST" name="clickTopRated" finished-at="2024-03-12T14:31:00 IST" duration-ms="300" status="PASS">
          <reporter-output>
          </reporter-output>
        </test-method> <!-- clickTopRated -->
        <test-method signature="extractDetails()[pri:10, instance:testCases.TC001@1f9f6368]" started-at="2024-03-12T14:31:00 IST" name="extractDetails" finished-at="2024-03-12T14:32:24 IST" duration-ms="83930" status="PASS">
          <reporter-output>
          </reporter-output>
        </test-method> <!-- extractDetails -->
        <test-method is-config="true" signature="tearDown()[pri:0, instance:testCases.TC001@1f9f6368]" started-at="2024-03-12T14:32:59 IST" name="tearDown" finished-at="2024-03-12T14:33:00 IST" duration-ms="1336" status="PASS">
          <reporter-output>
          </reporter-output>
        </test-method> <!-- tearDown -->
      </class> <!-- testCases.TC001 -->
      <class name="testCases.TC003">
        <test-method signature="navigateBackToHomePage()[pri:1, instance:testCases.TC003@45385f75]" started-at="2024-03-12T14:32:34 IST" name="navigateBackToHomePage" finished-at="2024-03-12T14:32:37 IST" duration-ms="3806" status="PASS">
          <reporter-output>
          </reporter-output>
        </test-method> <!-- navigateBackToHomePage -->
        <test-method signature="scrollToGyms()[pri:2, instance:testCases.TC003@45385f75]" started-at="2024-03-12T14:32:38 IST" name="scrollToGyms" finished-at="2024-03-12T14:32:41 IST" duration-ms="3042" status="PASS">
          <reporter-output>
          </reporter-output>
        </test-method> <!-- scrollToGyms -->
        <test-method signature="clickOnGyms()[pri:3, instance:testCases.TC003@45385f75]" started-at="2024-03-12T14:32:41 IST" name="clickOnGyms" finished-at="2024-03-12T14:32:43 IST" duration-ms="2096" status="PASS">
          <reporter-output>
          </reporter-output>
        </test-method> <!-- clickOnGyms -->
        <test-method signature="subMenuItems()[pri:4, instance:testCases.TC003@45385f75]" started-at="2024-03-12T14:32:44 IST" name="subMenuItems" finished-at="2024-03-12T14:32:58 IST" duration-ms="14188" status="PASS">
          <reporter-output>
          </reporter-output>
        </test-method> <!-- subMenuItems -->
      </class> <!-- testCases.TC003 -->
      <class name="testCases.TC002">
        <test-method signature="clickOnFreeListing()[pri:1, instance:testCases.TC002@1c9b0314]" started-at="2024-03-12T14:32:24 IST" name="clickOnFreeListing" finished-at="2024-03-12T14:32:31 IST" duration-ms="6857" status="PASS">
          <reporter-output>
          </reporter-output>
        </test-method> <!-- clickOnFreeListing -->
        <test-method signature="verifyWhetherOnFreeListing()[pri:2, instance:testCases.TC002@1c9b0314]" started-at="2024-03-12T14:32:32 IST" name="verifyWhetherOnFreeListing" finished-at="2024-03-12T14:32:32 IST" duration-ms="26" status="PASS">
          <reporter-output>
          </reporter-output>
        </test-method> <!-- verifyWhetherOnFreeListing -->
        <test-method signature="enterInvalidNum()[pri:3, instance:testCases.TC002@1c9b0314]" started-at="2024-03-12T14:32:32 IST" name="enterInvalidNum" finished-at="2024-03-12T14:32:32 IST" duration-ms="127" status="PASS">
          <reporter-output>
          </reporter-output>
        </test-method> <!-- enterInvalidNum -->
        <test-method signature="verifyWhetherNumberIsTyped()[pri:4, instance:testCases.TC002@1c9b0314]" started-at="2024-03-12T14:32:32 IST" name="verifyWhetherNumberIsTyped" finished-at="2024-03-12T14:32:32 IST" duration-ms="84" status="PASS">
          <reporter-output>
          </reporter-output>
        </test-method> <!-- verifyWhetherNumberIsTyped -->
        <test-method signature="clickStartNow()[pri:5, instance:testCases.TC002@1c9b0314]" started-at="2024-03-12T14:32:33 IST" name="clickStartNow" finished-at="2024-03-12T14:32:33 IST" duration-ms="141" status="PASS">
          <reporter-output>
          </reporter-output>
        </test-method> <!-- clickStartNow -->
        <test-method signature="getErrorMsg()[pri:6, instance:testCases.TC002@1c9b0314]" started-at="2024-03-12T14:32:33 IST" name="getErrorMsg" finished-at="2024-03-12T14:32:33 IST" duration-ms="59" status="PASS">
          <reporter-output>
          </reporter-output>
        </test-method> <!-- getErrorMsg -->
      </class> <!-- testCases.TC002 -->
    </test> <!-- edgetest -->
  </suite> <!-- Suite -->
</testng-results>
